[2022-04-06T16:14:06.735] [DEBUG] cheese - login => username:1233,password:321
[2022-04-06T16:14:06.737] [DEBUG] cheese - 1233
[2022-04-06T16:14:06.760] [DEBUG] cheese - null
[2022-04-06T16:14:06.761] [DEBUG] cheese - null
[2022-04-06T16:15:56.695] [DEBUG] cheese - login => username:1234,password:1243
[2022-04-06T16:15:56.696] [DEBUG] cheese - 1234
[2022-04-06T16:15:56.700] [DEBUG] cheese - null
[2022-04-06T16:15:56.700] [DEBUG] cheese - null
[2022-04-06T16:17:30.731] [DEBUG] cheese - login => username:1234,password:523
[2022-04-06T16:17:30.732] [DEBUG] cheese - 1234
[2022-04-06T16:17:30.737] [DEBUG] cheese - null
[2022-04-06T16:17:30.737] [DEBUG] cheese - null
[2022-04-06T16:17:41.658] [DEBUG] cheese - login => username:admin,password:123456
[2022-04-06T16:17:41.659] [DEBUG] cheese - admin
[2022-04-06T16:17:41.666] [DEBUG] cheese - null
[2022-04-06T16:17:41.667] [DEBUG] cheese - null
[2022-04-06T17:02:14.724] [DEBUG] cheese - login => username:1234,password:234
[2022-04-06T17:02:14.725] [DEBUG] cheese - 1234
[2022-04-06T17:02:14.741] [DEBUG] cheese - null
[2022-04-06T17:02:14.741] [DEBUG] cheese - null
[2022-04-06T17:02:42.174] [DEBUG] cheese - login => username:2345,password:321
[2022-04-06T17:02:42.174] [DEBUG] cheese - 2345
[2022-04-06T17:02:42.179] [DEBUG] cheese - null
[2022-04-06T17:02:42.179] [DEBUG] cheese - null
[2022-04-06T17:02:43.894] [DEBUG] cheese - login => username:2345,password:321
[2022-04-06T17:02:43.894] [DEBUG] cheese - 2345
[2022-04-06T17:02:43.897] [DEBUG] cheese - null
[2022-04-06T17:02:43.897] [DEBUG] cheese - null
[2022-04-06T17:03:16.889] [DEBUG] cheese - login => username:2345,password:321
[2022-04-06T17:03:16.889] [DEBUG] cheese - 2345
[2022-04-06T17:03:16.892] [DEBUG] cheese - null
[2022-04-06T17:03:16.892] [DEBUG] cheese - null
[2022-04-06T17:03:25.642] [DEBUG] cheese - login => username:2345,password:321
[2022-04-06T17:03:25.643] [DEBUG] cheese - 2345
[2022-04-06T17:03:25.646] [DEBUG] cheese - null
[2022-04-06T17:03:25.646] [DEBUG] cheese - null
[2022-04-06T17:03:28.325] [DEBUG] cheese - login => username:2345,password:32133
[2022-04-06T17:03:28.325] [DEBUG] cheese - 2345
[2022-04-06T17:03:28.329] [DEBUG] cheese - null
[2022-04-06T17:03:28.330] [DEBUG] cheese - null
[2022-04-06T17:03:43.228] [DEBUG] cheese - login => username:134,password:4245
[2022-04-06T17:03:43.228] [DEBUG] cheese - 134
[2022-04-06T17:03:43.232] [DEBUG] cheese - null
[2022-04-06T17:03:43.233] [DEBUG] cheese - null
[2022-04-06T17:03:44.678] [DEBUG] cheese - login => username:134,password:4245
[2022-04-06T17:03:44.678] [DEBUG] cheese - 134
[2022-04-06T17:03:44.682] [DEBUG] cheese - null
[2022-04-06T17:03:44.682] [DEBUG] cheese - null
[2022-04-06T17:03:59.873] [DEBUG] cheese - login => username:1245,password:6334
[2022-04-06T17:03:59.874] [DEBUG] cheese - 1245
[2022-04-06T17:03:59.877] [DEBUG] cheese - null
[2022-04-06T17:03:59.877] [DEBUG] cheese - null
[2022-04-06T17:04:59.498] [DEBUG] cheese - login => username:124,password:542
[2022-04-06T17:04:59.498] [DEBUG] cheese - 124
[2022-04-06T17:04:59.502] [DEBUG] cheese - null
[2022-04-06T17:04:59.502] [DEBUG] cheese - null
[2022-04-06T17:07:16.922] [DEBUG] cheese - login => username:admin,password:123456
[2022-04-06T17:07:16.923] [DEBUG] cheese - admin
[2022-04-06T17:07:16.934] [DEBUG] cheese - null
[2022-04-06T17:07:16.934] [DEBUG] cheese - null
[2022-04-06T17:09:33.049] [DEBUG] cheese - login => username:admin,password:123456
[2022-04-06T17:09:33.049] [DEBUG] cheese - admin
[2022-04-06T17:09:33.058] [DEBUG] cheese - null
[2022-04-06T17:09:33.058] [DEBUG] cheese - null
[2022-04-06T17:10:44.401] [DEBUG] cheese - login => username:admin,password:123456
[2022-04-06T17:10:44.401] [DEBUG] cheese - admin
[2022-04-06T17:10:44.404] [DEBUG] cheese - null
[2022-04-06T17:10:44.404] [DEBUG] cheese - null
[2022-04-06T17:17:03.883] [DEBUG] cheese - login => username:admin,password:123456
[2022-04-06T17:17:03.883] [DEBUG] cheese - admin
[2022-04-06T17:17:03.891] [DEBUG] cheese - null
[2022-04-06T17:17:03.891] [DEBUG] cheese - null
[2022-04-06T17:19:48.267] [DEBUG] cheese - login => username:admin,password:123456
[2022-04-06T17:19:48.267] [DEBUG] cheese - admin
[2022-04-06T17:19:48.276] [DEBUG] cheese - null
[2022-04-06T17:19:48.277] [DEBUG] cheese - null
[2022-04-06T17:23:51.732] [DEBUG] cheese - login => username:admin,password:123456
[2022-04-06T17:23:51.732] [DEBUG] cheese - admin
[2022-04-06T17:23:51.741] [DEBUG] cheese - null
[2022-04-06T17:23:51.742] [DEBUG] cheese - null
[2022-04-06T17:36:51.600] [DEBUG] cheese - login => username:admin,password:123456
[2022-04-06T17:36:51.600] [DEBUG] cheese - admin
[2022-04-06T17:36:51.612] [DEBUG] cheese - null
[2022-04-06T17:36:51.612] [DEBUG] cheese - null
[2022-04-07T15:24:19.440] [DEBUG] cheese - login => username:admin,password:123456
[2022-04-07T15:27:44.426] [DEBUG] cheese - login => username:admin,password:123456
[2022-04-07T15:27:44.428] [DEBUG] cheese - admin
[2022-04-07T15:27:44.460] [DEBUG] cheese - null
[2022-04-07T15:27:44.460] [DEBUG] cheese - null
[2022-04-07T16:16:47.693] [DEBUG] cheese - login => username:admin,password:123456
[2022-04-07T16:16:47.695] [DEBUG] cheese - admin
[2022-04-07T16:16:47.722] [DEBUG] cheese - null
[2022-04-07T16:16:47.722] [DEBUG] cheese - null
[2022-04-07T16:18:42.061] [DEBUG] cheese - login => username:admin,password:123456
[2022-04-07T16:18:42.064] [DEBUG] cheese - admin
[2022-04-07T16:18:42.075] [DEBUG] cheese - null
[2022-04-07T16:18:42.076] [DEBUG] cheese - null
[2022-04-08T08:41:10.849] [DEBUG] cheese - login => username:admin,password:123456
[2022-04-08T08:41:10.852] [DEBUG] cheese - admin
[2022-04-08T08:41:10.878] [DEBUG] cheese - null
[2022-04-08T08:41:10.879] [DEBUG] cheese - null
